# JRE version: OpenJDK Runtime Environment (8.0_112-b06) (build 1.8.0_112-release-b06)
# Java VM: OpenJDK 64-Bit Server VM (25.112-b06 mixed mode windows-amd64 compressed oops)
Heap:
 PSYoungGen      total 349696K, used 127848K [0x00000000e0000000, 0x0000000100000000, 0x0000000100000000)
  eden space 175104K, 72% used [0x00000000e0000000,0x00000000e7c94f70,0x00000000eab00000)
  from space 174592K, 0% used [0x00000000f5580000,0x00000000f55c5458,0x0000000100000000)
  to   space 174592K, 0% used [0x00000000eab00000,0x00000000eab00000,0x00000000f5580000)
 ParOldGen       total 296448K, used 72649K [0x00000000a0000000, 0x00000000b2180000, 0x00000000e0000000)
  object space 296448K, 24% used [0x00000000a0000000,0x00000000a46f26b0,0x00000000b2180000)
 Metaspace       used 90756K, capacity 95178K, committed 95320K, reserved 1132544K
  class space    used 11504K, capacity 12353K, committed 12376K, reserved 1048576K
GC Heap History (10 events):
Event: 1726.861 GC heap before
{Heap before GC invocations=43 (full 9):
 PSYoungGen      total 349696K, used 22280K [0x00000000e0000000, 0x0000000100000000, 0x0000000100000000)
  eden space 175104K, 0% used [0x00000000e0000000,0x00000000e0000000,0x00000000eab00000)
  from space 174592K, 12% used [0x00000000f5580000,0x00000000f6b42050,0x0000000100000000)
  to   space 174592K, 0% used [0x00000000eab00000,0x00000000eab00000,0x00000000f5580000)
 ParOldGen       total 400896K, used 326728K [0x00000000a0000000, 0x00000000b8780000, 0x00000000e0000000)
  object space 400896K, 81% used [0x00000000a0000000,0x00000000b3f12000,0x00000000b8780000)
 Metaspace       used 89289K, capacity 93488K, committed 93912K, reserved 1130496K
  class space    used 11325K, capacity 12172K, committed 12248K, reserved 1048576K
Event: 1727.273 GC heap after
Heap after GC invocations=43 (full 9):
 PSYoungGen      total 349696K, used 0K [0x00000000e0000000, 0x0000000100000000, 0x0000000100000000)
  eden space 175104K, 0% used [0x00000000e0000000,0x00000000e0000000,0x00000000eab00000)
  from space 174592K, 0% used [0x00000000f5580000,0x00000000f5580000,0x0000000100000000)
  to   space 174592K, 0% used [0x00000000eab00000,0x00000000eab00000,0x00000000f5580000)
 ParOldGen       total 296448K, used 65904K [0x00000000a0000000, 0x00000000b2180000, 0x00000000e0000000)
  object space 296448K, 22% used [0x00000000a0000000,0x00000000a405c070,0x00000000b2180000)
 Metaspace       used 89289K, capacity 93488K, committed 93912K, reserved 1130496K
  class space    used 11325K, capacity 12172K, committed 12248K, reserved 1048576K
}
Event: 1731.273 GC heap before
{Heap before GC invocations=44 (full 9):
 PSYoungGen      total 349696K, used 175069K [0x00000000e0000000, 0x0000000100000000, 0x0000000100000000)
  eden space 175104K, 99% used [0x00000000e0000000,0x00000000eaaf76f8,0x00000000eab00000)
  from space 174592K, 0% used [0x00000000f5580000,0x00000000f5580000,0x0000000100000000)
  to   space 174592K, 0% used [0x00000000eab00000,0x00000000eab00000,0x00000000f5580000)
 ParOldGen       total 296448K, used 66416K [0x00000000a0000000, 0x00000000b2180000, 0x00000000e0000000)
  object space 296448K, 22% used [0x00000000a0000000,0x00000000a40dc080,0x00000000b2180000)
 Metaspace       used 89678K, capacity 94038K, committed 94424K, reserved 1132544K
  class space    used 11372K, capacity 12203K, committed 12248K, reserved 1048576K
Event: 1731.287 GC heap after
Heap after GC invocations=44 (full 9):
 PSYoungGen      total 349696K, used 16003K [0x00000000e0000000, 0x0000000100000000, 0x0000000100000000)
  eden space 175104K, 0% used [0x00000000e0000000,0x00000000e0000000,0x00000000eab00000)
  from space 174592K, 9% used [0x00000000eab00000,0x00000000ebaa0f58,0x00000000f5580000)
  to   space 174592K, 0% used [0x00000000f5580000,0x00000000f5580000,0x0000000100000000)
 ParOldGen       total 296448K, used 66424K [0x00000000a0000000, 0x00000000b2180000, 0x00000000e0000000)
  object space 296448K, 22% used [0x00000000a0000000,0x00000000a40de080,0x00000000b2180000)
 Metaspace       used 89678K, capacity 94038K, committed 94424K, reserved 1132544K
  class space    used 11372K, capacity 12203K, committed 12248K, reserved 1048576K
}
Event: 1732.398 GC heap before
{Heap before GC invocations=45 (full 9):
 PSYoungGen      total 349696K, used 191107K [0x00000000e0000000, 0x0000000100000000, 0x0000000100000000)
  eden space 175104K, 100% used [0x00000000e0000000,0x00000000eab00000,0x00000000eab00000)
  from space 174592K, 9% used [0x00000000eab00000,0x00000000ebaa0f58,0x00000000f5580000)
  to   space 174592K, 0% used [0x00000000f5580000,0x00000000f5580000,0x0000000100000000)
 ParOldGen       total 296448K, used 67608K [0x00000000a0000000, 0x00000000b2180000, 0x00000000e0000000)
  object space 296448K, 22% used [0x00000000a0000000,0x00000000a4206008,0x00000000b2180000)
 Metaspace       used 90452K, capacity 94822K, committed 95064K, reserved 1132544K
  class space    used 11477K, capacity 12307K, committed 12376K, reserved 1048576K
Event: 1732.408 GC heap after
Heap after GC invocations=45 (full 9):
 PSYoungGen      total 349696K, used 3635K [0x00000000e0000000, 0x0000000100000000, 0x0000000100000000)
  eden space 175104K, 0% used [0x00000000e0000000,0x00000000e0000000,0x00000000eab00000)
  from space 174592K, 2% used [0x00000000f5580000,0x00000000f590cee8,0x0000000100000000)
  to   space 174592K, 0% used [0x00000000eab00000,0x00000000eab00000,0x00000000f5580000)
 ParOldGen       total 296448K, used 71372K [0x00000000a0000000, 0x00000000b2180000, 0x00000000e0000000)
  object space 296448K, 24% used [0x00000000a0000000,0x00000000a45b3130,0x00000000b2180000)
 Metaspace       used 90452K, capacity 94822K, committed 95064K, reserved 1132544K
  class space    used 11477K, capacity 12307K, committed 12376K, reserved 1048576K
}
Event: 1732.507 GC heap before
{Heap before GC invocations=46 (full 9):
 PSYoungGen      total 349696K, used 177797K [0x00000000e0000000, 0x0000000100000000, 0x0000000100000000)
  eden space 175104K, 99% used [0x00000000e0000000,0x00000000eaa145c8,0x00000000eab00000)
  from space 174592K, 2% used [0x00000000f5580000,0x00000000f590cee8,0x0000000100000000)
  to   space 174592K, 0% used [0x00000000eab00000,0x00000000eab00000,0x00000000f5580000)
 ParOldGen       total 296448K, used 71372K [0x00000000a0000000, 0x00000000b2180000, 0x00000000e0000000)
  object space 296448K, 24% used [0x00000000a0000000,0x00000000a45b3130,0x00000000b2180000)
 Metaspace       used 90468K, capacity 94822K, committed 95064K, reserved 1132544K
  class space    used 11477K, capacity 12307K, committed 12376K, reserved 1048576K
Event: 1732.512 GC heap after
Heap after GC invocations=46 (full 9):
 PSYoungGen      total 349696K, used 1185K [0x00000000e0000000, 0x0000000100000000, 0x0000000100000000)
  eden space 175104K, 0% used [0x00000000e0000000,0x00000000e0000000,0x00000000eab00000)
  from space 174592K, 0% used [0x00000000eab00000,0x00000000eac284f8,0x00000000f5580000)
  to   space 174592K, 0% used [0x00000000f5580000,0x00000000f5580000,0x0000000100000000)
 ParOldGen       total 296448K, used 72412K [0x00000000a0000000, 0x00000000b2180000, 0x00000000e0000000)
  object space 296448K, 24% used [0x00000000a0000000,0x00000000a46b7190,0x00000000b2180000)
 Metaspace       used 90468K, capacity 94822K, committed 95064K, reserved 1132544K
  class space    used 11477K, capacity 12307K, committed 12376K, reserved 1048576K
}
Event: 1732.813 GC heap before
{Heap before GC invocations=47 (full 9):
 PSYoungGen      total 349696K, used 176289K [0x00000000e0000000, 0x0000000100000000, 0x0000000100000000)
  eden space 175104K, 100% used [0x00000000e0000000,0x00000000eab00000,0x00000000eab00000)
  from space 174592K, 0% used [0x00000000eab00000,0x00000000eac284f8,0x00000000f5580000)
  to   space 174592K, 0% used [0x00000000f5580000,0x00000000f5580000,0x0000000100000000)
 ParOldGen       total 296448K, used 72412K [0x00000000a0000000, 0x00000000b2180000, 0x00000000e0000000)
  object space 296448K, 24% used [0x00000000a0000000,0x00000000a46b7190,0x00000000b2180000)
 Metaspace       used 90605K, capacity 94998K, committed 95320K, reserved 1132544K
  class space    used 11494K, capacity 12341K, committed 12376K, reserved 1048576K
Event: 1732.819 GC heap after
Heap after GC invocations=47 (full 9):
 PSYoungGen      total 349696K, used 277K [0x00000000e0000000, 0x0000000100000000, 0x0000000100000000)
  eden space 175104K, 0% used [0x00000000e0000000,0x00000000e0000000,0x00000000eab00000)
  from space 174592K, 0% used [0x00000000f5580000,0x00000000f55c5458,0x0000000100000000)
  to   space 174592K, 0% used [0x00000000eab00000,0x00000000eab00000,0x00000000f5580000)
 ParOldGen       total 296448K, used 72649K [0x00000000a0000000, 0x00000000b2180000, 0x00000000e0000000)
  object space 296448K, 24% used [0x00000000a0000000,0x00000000a46f26b0,0x00000000b2180000)
 Metaspace       used 90605K, capacity 94998K, committed 95320K, reserved 1132544K
  class space    used 11494K, capacity 12341K, committed 12376K, reserved 1048576K
}

